<?xml version="1.0" encoding="UTF-8"?>
<!-- Generated by org.testng.reporters.JUnitReportReporter -->
<testsuite skipped="0" hostname="INW1PF1PY3M7" name="com.freenow.testScripts.UserBlog" tests="1" failures="0" timestamp="18 Jan 2020 14:02:04 GMT" time="8.487" errors="0">
  <testcase name="userBlogEmail" time="8.487" classname="com.freenow.testScripts.UserBlog"/>
</testsuite> <!-- com.freenow.testScripts.UserBlog -->
