<?xml version="1.0" encoding="UTF-8"?>
<!-- Generated by org.testng.reporters.JUnitReportReporter -->
<testsuite skipped="0" hostname="INW1PF1PY3M7" name="com.freenow.testScripts.UserBlog" tests="3" failures="0" timestamp="18 Jan 2020 21:00:35 GMT" time="28.805" errors="0">
  <testcase name="emailValidateUserWithInValidUsername" time="0.557" classname="com.freenow.testScripts.UserBlog"/>
  <testcase name="emailValidateForValidUser" time="9.758" classname="com.freenow.testScripts.UserBlog"/>
  <testcase name="emailValidateUserWithSpecialcharactor" time="18.490" classname="com.freenow.testScripts.UserBlog"/>
</testsuite> <!-- com.freenow.testScripts.UserBlog -->
